<?xml version="1.0" encoding="UTF-8"?>
<!-- Generated by org.testng.reporters.JUnitXMLReporter -->
<testsuite ignored="0" hostname="myhost" failures="0" tests="3" name="Default test" time="69.822" errors="0" timestamp="2020-12-10T17:22:43 IST">
  <testcase classname="Main.AvailableRequestTest" name="NavigateToSparePartRequestPage" time="66.601"/>
  <testcase classname="Main.AvailableRequestTest" name="TMS_AR_001" time="3.152"/>
  <testcase classname="Main.AvailableRequestTest" name="TMS_AR_003" time="0.032"/>
</testsuite> <!-- Default test -->
