<?xml version="1.0" encoding="UTF-8"?>
<!-- Generated by org.testng.reporters.JUnitXMLReporter -->
<testsuite ignored="0" hostname="myhost" failures="0" tests="8" name="Default test" time="19.928" errors="0" timestamp="2020-12-16T08:47:03 IST">
  <testcase classname="Main.AvailableRequestTest" name="TMS_AR_001" time="1.984"/>
  <testcase classname="Main.AvailableRequestTest" name="TMS_AR_003" time="0.046"/>
  <testcase classname="Main.AvailableRequestTest" name="TMS_AR_009" time="0.194"/>
  <testcase classname="Main.AvailableRequestTest" name="TMS_AR_0010" time="0.029"/>
  <testcase classname="Main.AvailableRequestTest" name="TMS_AR_0012" time="0.032"/>
  <testcase classname="Main.AvailableRequestTest" name="TMS_AR_0016" time="0.027"/>
  <testcase classname="Main.AvailableRequestTest" name="TMS_AR_0017" time="0.028"/>
  <testcase classname="Main.AvailableRequestTest" name="TMS_AR_0033" time="0.031"/>
</testsuite> <!-- Default test -->
