<?xml version="1.0" encoding="UTF-8"?>
<testng-results ignored="0" total="3" passed="3" failed="0" skipped="0">
  <reporter-output>
  </reporter-output>
  <suite started-at="2020-12-11T09:39:40 IST" name="Default suite" finished-at="2020-12-11T09:40:10 IST" duration-ms="30005">
    <groups>
    </groups>
    <test started-at="2020-12-11T09:39:40 IST" name="Default test" finished-at="2020-12-11T09:40:10 IST" duration-ms="30005">
      <class name="Main.AvailableRequestTest">
        <test-method signature="NavigateToSparePartRequestPage()[pri:0, instance:Main.AvailableRequestTest@1ebd319f]" started-at="2020-12-11T09:39:40 IST" name="NavigateToSparePartRequestPage" finished-at="2020-12-11T09:40:07 IST" duration-ms="27417" status="PASS">
          <reporter-output>
          </reporter-output>
        </test-method> <!-- NavigateToSparePartRequestPage -->
        <test-method signature="TMS_AR_001()[pri:1, instance:Main.AvailableRequestTest@1ebd319f]" started-at="2020-12-11T09:40:07 IST" name="TMS_AR_001" description="Verify the Spareparts Request page has title text" finished-at="2020-12-11T09:40:10 IST" duration-ms="2496" status="PASS">
          <reporter-output>
          </reporter-output>
        </test-method> <!-- TMS_AR_001 -->
        <test-method signature="TMS_AR_003()[pri:2, instance:Main.AvailableRequestTest@1ebd319f]" started-at="2020-12-11T09:40:10 IST" name="TMS_AR_003" description="Verify the Heading Text is spelled Correctly" finished-at="2020-12-11T09:40:10 IST" duration-ms="41" status="PASS">
          <reporter-output>
          </reporter-output>
        </test-method> <!-- TMS_AR_003 -->
      </class> <!-- Main.AvailableRequestTest -->
    </test> <!-- Default test -->
  </suite> <!-- Default suite -->
</testng-results>
